<?xml version="1.0" encoding="UTF-8"?>
<!-- Generated by org.testng.reporters.JUnitXMLReporter -->
<testsuite hostname="HYDSTPPER737458" name="Test" tests="2" failures="1" timestamp="10 Aug 2020 19:22:55 GMT" time="60.27" errors="0">
  <testcase name="@AfterTest reportsflush" time="0.0" classname="Practice.AppiumFramework.AppiumFirstProject">
    <failure type="java.lang.NullPointerException">
      <![CDATA[java.lang.NullPointerException
	at Practice.AppiumFramework.AppiumFirstProject.reportsflush(AppiumFirstProject.java:77)
... Removed 22 stack frames]]>
    </failure>
  </testcase> <!-- @AfterTest reportsflush -->
  <testcase name="FirstTestCase" time="35.83" classname="Practice.AppiumFramework.AppiumFirstProject">
    <failure type="java.lang.NullPointerException">
      <![CDATA[java.lang.NullPointerException
	at Practice.AppiumFramework.AppiumFirstProject.FirstTestCase(AppiumFirstProject.java:68)
... Removed 24 stack frames]]>
    </failure>
  </testcase> <!-- FirstTestCase -->
  <testcase name="SecondTest" time="23.262" classname="Practice.AppiumFramework.AppiumSecondProject"/>
</testsuite> <!-- Test -->
